<?xml version="1.0" encoding="UTF-8"?>
<!-- Generated by org.testng.reporters.JUnitReportReporter -->
<testsuite hostname="Macbooks-MacBook-Pro.local" name="com.flipKart.qa.testcases.LoginPageTest" tests="3" failures="0" timestamp="26 Jun 2020 18:39:15 GMT" time="11.299" errors="1">
  <testcase name="loginPageTitle" time="3.524" classname="com.flipKart.qa.testcases.LoginPageTest"/>
  <testcase name="loginTest" time="3.791" classname="com.flipKart.qa.testcases.LoginPageTest">
    <error type="java.lang.Error" message="Unresolved compilation problems: 
	Syntax error on token &quot;,&quot;, ; expected
	Syntax error, insert &quot;;&quot; to complete Statement
">
      <![CDATA[java.lang.Error: Unresolved compilation problems: 
	Syntax error on token ",", ; expected
	Syntax error, insert ";" to complete Statement

	at com.flipKart.qa.pages.LoginPage.login(LoginPage.java:48)
	at com.flipKart.qa.testcases.LoginPageTest.loginTest(LoginPageTest.java:42)
	at sun.reflect.NativeMethodAccessorImpl.invoke0(Native Method)
	at sun.reflect.NativeMethodAccessorImpl.invoke(NativeMethodAccessorImpl.java:62)
	at sun.reflect.DelegatingMethodAccessorImpl.invoke(DelegatingMethodAccessorImpl.java:43)
	at java.lang.reflect.Method.invoke(Method.java:498)
	at org.testng.internal.MethodInvocationHelper.invokeMethod(MethodInvocationHelper.java:86)
	at org.testng.internal.Invoker.invokeMethod(Invoker.java:645)
	at org.testng.internal.Invoker.invokeTestMethod(Invoker.java:822)
	at org.testng.internal.Invoker.invokeTestMethods(Invoker.java:1130)
	at org.testng.internal.TestMethodWorker.invokeTestMethods(TestMethodWorker.java:129)
	at org.testng.internal.TestMethodWorker.run(TestMethodWorker.java:112)
	at org.testng.TestRunner.privateRun(TestRunner.java:782)
	at org.testng.TestRunner.run(TestRunner.java:632)
	at org.testng.SuiteRunner.runTest(SuiteRunner.java:366)
	at org.testng.SuiteRunner.runSequentially(SuiteRunner.java:361)
	at org.testng.SuiteRunner.privateRun(SuiteRunner.java:319)
	at org.testng.SuiteRunner.run(SuiteRunner.java:268)
	at org.testng.SuiteRunnerWorker.runSuite(SuiteRunnerWorker.java:52)
	at org.testng.SuiteRunnerWorker.run(SuiteRunnerWorker.java:86)
	at org.testng.TestNG.runSuitesSequentially(TestNG.java:1244)
	at org.testng.TestNG.runSuitesLocally(TestNG.java:1169)
	at org.testng.TestNG.run(TestNG.java:1064)
	at org.testng.remote.RemoteTestNG.run(RemoteTestNG.java:113)
	at org.testng.remote.RemoteTestNG.initAndRun(RemoteTestNG.java:206)
	at org.testng.remote.RemoteTestNG.main(RemoteTestNG.java:177)
]]>
    </error>
  </testcase> <!-- loginTest -->
  <testcase name="validateamzImageTest" time="3.984" classname="com.flipKart.qa.testcases.LoginPageTest"/>
</testsuite> <!-- com.flipKart.qa.testcases.LoginPageTest -->
